0 info it worked if it ends with ok
1 verbose cli [ '/usr/local/bin/node',
1 verbose cli   '/usr/local/bin/npm',
1 verbose cli   'install',
1 verbose cli   '-g',
1 verbose cli   'docpad' ]
2 info using npm@1.2.15
3 info using node@v0.10.1
4 verbose read json /usr/local/lib/package.json
5 verbose read json /usr/local/lib/package.json
6 verbose cache add [ 'docpad', null ]
7 verbose cache add name=undefined spec="docpad" args=["docpad",null]
8 verbose parsed url { protocol: null,
8 verbose parsed url   slashes: null,
8 verbose parsed url   auth: null,
8 verbose parsed url   host: null,
8 verbose parsed url   port: null,
8 verbose parsed url   hostname: null,
8 verbose parsed url   hash: null,
8 verbose parsed url   search: null,
8 verbose parsed url   query: null,
8 verbose parsed url   pathname: 'docpad',
8 verbose parsed url   path: 'docpad',
8 verbose parsed url   href: 'docpad' }
9 silly lockFile 0b0340b3-docpad docpad
10 verbose lock docpad /home/jack/.npm/0b0340b3-docpad.lock
11 silly lockFile 0b0340b3-docpad docpad
12 silly lockFile 0b0340b3-docpad docpad
13 verbose addNamed [ 'docpad', '' ]
14 verbose addNamed [ null, '' ]
15 silly lockFile b2a08634-docpad docpad@
16 verbose lock docpad@ /home/jack/.npm/b2a08634-docpad.lock
17 silly addNameRange { name: 'docpad', range: '', hasData: false }
18 verbose url raw docpad
19 verbose url resolving [ 'https://registry.npmjs.org/', './docpad' ]
20 verbose url resolved https://registry.npmjs.org/docpad
21 info trying registry request attempt 1 at 01:01:11
22 verbose etag "48MM8AA1UU4QGPVDL4RRRLY3I"
23 http GET https://registry.npmjs.org/docpad
24 http 304 https://registry.npmjs.org/docpad
25 silly registry.get cb [ 304,
25 silly registry.get   { server: 'CouchDB/1.3.0 (Erlang OTP/R15B03)',
25 silly registry.get     etag: '"48MM8AA1UU4QGPVDL4RRRLY3I"',
25 silly registry.get     date: 'Sun, 14 Apr 2013 23:01:12 GMT',
25 silly registry.get     'content-length': '0' } ]
26 verbose etag docpad from cache
27 silly addNameRange number 2 { name: 'docpad', range: '', hasData: true }
28 silly addNameRange versions [ 'docpad',
28 silly addNameRange   [ '0.1.0',
28 silly addNameRange     '0.4.0',
28 silly addNameRange     '0.5.0',
28 silly addNameRange     '0.5.1',
28 silly addNameRange     '0.6.0',
28 silly addNameRange     '0.6.1',
28 silly addNameRange     '0.7.0',
28 silly addNameRange     '0.8.0',
28 silly addNameRange     '0.8.1',
28 silly addNameRange     '0.8.3',
28 silly addNameRange     '0.9.0',
28 silly addNameRange     '0.9.1',
28 silly addNameRange     '0.9.2',
28 silly addNameRange     '0.9.3',
28 silly addNameRange     '0.9.4',
28 silly addNameRange     '0.9.5',
28 silly addNameRange     '0.9.6',
28 silly addNameRange     '0.9.7',
28 silly addNameRange     '0.9.8',
28 silly addNameRange     '0.9.9',
28 silly addNameRange     '0.9.10',
28 silly addNameRange     '0.9.11',
28 silly addNameRange     '0.9.12',
28 silly addNameRange     '0.9.13',
28 silly addNameRange     '0.9.14',
28 silly addNameRange     '0.9.15',
28 silly addNameRange     '0.9.16',
28 silly addNameRange     '0.9.17',
28 silly addNameRange     '0.9.18',
28 silly addNameRange     '0.9.19',
28 silly addNameRange     '0.9.20',
28 silly addNameRange     '0.9.21',
28 silly addNameRange     '0.9.22',
28 silly addNameRange     '0.10.0',
28 silly addNameRange     '1.0.0',
28 silly addNameRange     '1.0.1',
28 silly addNameRange     '1.0.2',
28 silly addNameRange     '1.0.3',
28 silly addNameRange     '1.1.1',
28 silly addNameRange     '1.1.2',
28 silly addNameRange     '1.1.3',
28 silly addNameRange     '1.1.4',
28 silly addNameRange     '1.1.6',
28 silly addNameRange     '1.2.0',
28 silly addNameRange     '1.2.1',
28 silly addNameRange     '1.2.2',
28 silly addNameRange     '1.2.3',
28 silly addNameRange     '1.2.4',
28 silly addNameRange     '1.2.5',
28 silly addNameRange     '1.3.0',
28 silly addNameRange     '1.3.1',
28 silly addNameRange     '1.3.2',
28 silly addNameRange     '1.3.3',
28 silly addNameRange     '1.3.5',
28 silly addNameRange     '1.3.6',
28 silly addNameRange     '1.3.7',
28 silly addNameRange     '1.3.8',
28 silly addNameRange     '1.4.0',
28 silly addNameRange     '1.4.1',
28 silly addNameRange     '2.0.0',
28 silly addNameRange     '2.0.1',
28 silly addNameRange     '2.0.2',
28 silly addNameRange     '2.1.0',
28 silly addNameRange     '2.1.1',
28 silly addNameRange     '2.2.0',
28 silly addNameRange     '2.2.1',
28 silly addNameRange     '2.3.0',
28 silly addNameRange     '2.3.1',
28 silly addNameRange     '2.3.2',
28 silly addNameRange     '2.3.3',
28 silly addNameRange     '2.3.4',
28 silly addNameRange     '2.3.5',
28 silly addNameRange     '2.3.6',
28 silly addNameRange     '2.3.7',
28 silly addNameRange     '2.3.8',
28 silly addNameRange     '2.4.0',
28 silly addNameRange     '2.5.0',
28 silly addNameRange     '2.6.0',
28 silly addNameRange     '2.6.1',
28 silly addNameRange     '3.2.0',
28 silly addNameRange     '3.2.1',
28 silly addNameRange     '3.2.2',
28 silly addNameRange     '3.2.3',
28 silly addNameRange     '3.2.4',
28 silly addNameRange     '3.2.5',
28 silly addNameRange     '3.2.6',
28 silly addNameRange     '3.2.7',
28 silly addNameRange     '3.2.8',
28 silly addNameRange     '3.3.0',
28 silly addNameRange     '3.3.1',
28 silly addNameRange     '3.3.2',
28 silly addNameRange     '4.0.0',
28 silly addNameRange     '4.0.1',
28 silly addNameRange     '4.0.2',
28 silly addNameRange     '4.0.3',
28 silly addNameRange     '4.1.0',
28 silly addNameRange     '4.1.1',
28 silly addNameRange     '5.0.0',
28 silly addNameRange     '5.0.1',
28 silly addNameRange     '5.0.2',
28 silly addNameRange     '5.0.3',
28 silly addNameRange     '5.0.4',
28 silly addNameRange     '5.0.5',
28 silly addNameRange     '5.1.0',
28 silly addNameRange     '5.1.1',
28 silly addNameRange     '5.1.2',
28 silly addNameRange     '5.2.0',
28 silly addNameRange     '5.2.1',
28 silly addNameRange     '5.2.2',
28 silly addNameRange     '5.2.3',
28 silly addNameRange     '5.2.4',
28 silly addNameRange     '5.2.5',
28 silly addNameRange     '6.0.0',
28 silly addNameRange     '6.0.2',
28 silly addNameRange     '6.0.3',
28 silly addNameRange     '6.0.4',
28 silly addNameRange     '6.0.5',
28 silly addNameRange     '6.0.6',
28 silly addNameRange     '6.0.7',
28 silly addNameRange     '6.0.8',
28 silly addNameRange     '6.0.9',
28 silly addNameRange     '6.0.10',
28 silly addNameRange     '6.0.11',
28 silly addNameRange     '6.0.12',
28 silly addNameRange     '6.0.13',
28 silly addNameRange     '6.0.14',
28 silly addNameRange     '6.1.0',
28 silly addNameRange     '6.1.2',
28 silly addNameRange     '6.1.3',
28 silly addNameRange     '6.2.0',
28 silly addNameRange     '6.3.0',
28 silly addNameRange     '6.3.1',
28 silly addNameRange     '6.3.2',
28 silly addNameRange     '6.3.3',
28 silly addNameRange     '6.4.0',
28 silly addNameRange     '6.4.1',
28 silly addNameRange     '6.4.2',
28 silly addNameRange     '6.5.0-dev',
28 silly addNameRange     '6.5.1-dev',
28 silly addNameRange     '6.5.2-dev',
28 silly addNameRange     '6.5.3-dev',
28 silly addNameRange     '6.5.4',
28 silly addNameRange     '6.5.5',
28 silly addNameRange     '6.5.6',
28 silly addNameRange     '6.5.7',
28 silly addNameRange     '6.6.1',
28 silly addNameRange     '6.6.2',
28 silly addNameRange     '6.6.3',
28 silly addNameRange     '6.6.4',
28 silly addNameRange     '6.6.5',
28 silly addNameRange     '6.6.6',
28 silly addNameRange     '6.6.7',
28 silly addNameRange     '6.6.8',
28 silly addNameRange     '6.7.0',
28 silly addNameRange     '6.7.1',
28 silly addNameRange     '6.7.2',
28 silly addNameRange     '6.7.3',
28 silly addNameRange     '6.7.4',
28 silly addNameRange     '6.8.0',
28 silly addNameRange     '6.8.1',
28 silly addNameRange     '6.8.2',
28 silly addNameRange     '6.8.3',
28 silly addNameRange     '6.8.4',
28 silly addNameRange     '6.9.0',
28 silly addNameRange     '6.9.1',
28 silly addNameRange     '6.9.2',
28 silly addNameRange     '6.10.0',
28 silly addNameRange     '6.11.0',
28 silly addNameRange     '6.11.1',
28 silly addNameRange     '6.12.0',
28 silly addNameRange     '6.12.1',
28 silly addNameRange     '6.13.0',
28 silly addNameRange     '6.13.1',
28 silly addNameRange     '6.13.2',
28 silly addNameRange     '6.13.3',
28 silly addNameRange     '6.13.4',
28 silly addNameRange     '6.14.0',
28 silly addNameRange     '6.15.0',
28 silly addNameRange     '6.16.0',
28 silly addNameRange     '6.17.0',
28 silly addNameRange     '6.17.1',
28 silly addNameRange     '6.17.2',
28 silly addNameRange     '6.17.3',
28 silly addNameRange     '6.18.0',
28 silly addNameRange     '6.19.0',
28 silly addNameRange     '6.20.0',
28 silly addNameRange     '6.20.1',
28 silly addNameRange     '6.21.0',
28 silly addNameRange     '6.21.1',
28 silly addNameRange     '6.21.2',
28 silly addNameRange     '6.21.3',
28 silly addNameRange     '6.21.4',
28 silly addNameRange     '6.21.5',
28 silly addNameRange     '6.21.6',
28 silly addNameRange     '6.21.7',
28 silly addNameRange     '6.21.8',
28 silly addNameRange     '6.21.9',
28 silly addNameRange     '6.21.10',
28 silly addNameRange     '6.22.0',
28 silly addNameRange     '6.23.0',
28 silly addNameRange     '6.24.0',
28 silly addNameRange     '6.24.1',
28 silly addNameRange     '6.24.2',
28 silly addNameRange     '6.25.0',
28 silly addNameRange     '6.26.0',
28 silly addNameRange     '6.26.1',
28 silly addNameRange     '6.26.2',
28 silly addNameRange     '6.27.0',
28 silly addNameRange     '6.28.0',
28 silly addNameRange     '6.29.0',
28 silly addNameRange     '6.30.0',
28 silly addNameRange     '6.30.1',
28 silly addNameRange     '6.30.2',
28 silly addNameRange     '6.30.3' ] ]
29 verbose addNamed [ 'docpad', '6.30.3' ]
30 verbose addNamed [ '6.30.3', '6.30.3' ]
31 silly lockFile 5552859b-docpad-6-30-3 docpad@6.30.3
32 verbose lock docpad@6.30.3 /home/jack/.npm/5552859b-docpad-6-30-3.lock
33 verbose read json /home/jack/.npm/docpad/6.30.3/package/package.json
34 silly lockFile 5552859b-docpad-6-30-3 docpad@6.30.3
35 silly lockFile 5552859b-docpad-6-30-3 docpad@6.30.3
36 silly lockFile b2a08634-docpad docpad@
37 silly lockFile b2a08634-docpad docpad@
38 silly resolved [ { name: 'docpad',
38 silly resolved     version: '6.30.3',
38 silly resolved     description: 'DocPad is a language agnostic document management system. This means you write your website as documents, in whatever language you wish, and DocPad will handle the compiling, templates and layouts for you. For static documents it will generate static files, for dynamic documents it\'ll re-render them on each request. You can utilise DocPad by itself, or use it as a module your own custom system. It\'s pretty cool, and well worth checking out. We love it.',
38 silly resolved     homepage: 'https://github.com/bevry/docpad',
38 silly resolved     installUrl: 'http://docpad.org/install',
38 silly resolved     upgradeUrl: 'http://docpad.org/upgrade',
38 silly resolved     keywords:
38 silly resolved      [ 'document management system',
38 silly resolved        'dms',
38 silly resolved        'content management system',
38 silly resolved        'cms',
38 silly resolved        'static site generator',
38 silly resolved        'generator',
38 silly resolved        'static file server',
38 silly resolved        'server',
38 silly resolved        'web',
38 silly resolved        'web framework',
38 silly resolved        'framework',
38 silly resolved        'web development',
38 silly resolved        'development',
38 silly resolved        'dev',
38 silly resolved        'build and deployment',
38 silly resolved        'builder',
38 silly resolved        'build',
38 silly resolved        'compiler',
38 silly resolved        'compile',
38 silly resolved        'parser',
38 silly resolved        'parse',
38 silly resolved        'renderer',
38 silly resolved        'render',
38 silly resolved        'templating',
38 silly resolved        'templates',
38 silly resolved        'language agnostic',
38 silly resolved        'website',
38 silly resolved        'blog',
38 silly resolved        'cli',
38 silly resolved        'tool',
38 silly resolved        'utility',
38 silly resolved        'scaffold' ],
38 silly resolved     author:
38 silly resolved      { name: 'Bevry Pty Ltd',
38 silly resolved        email: 'us@bevry.me',
38 silly resolved        url: 'http://bevry.me' },
38 silly resolved     maintainers: [ [Object] ],
38 silly resolved     contributors:
38 silly resolved      [ [Object],
38 silly resolved        [Object],
38 silly resolved        [Object],
38 silly resolved        [Object],
38 silly resolved        [Object],
38 silly resolved        [Object],
38 silly resolved        [Object],
38 silly resolved        [Object],
38 silly resolved        [Object],
38 silly resolved        [Object],
38 silly resolved        [Object],
38 silly resolved        [Object],
38 silly resolved        [Object],
38 silly resolved        [Object],
38 silly resolved        [Object],
38 silly resolved        [Object],
38 silly resolved        [Object],
38 silly resolved        [Object],
38 silly resolved        [Object],
38 silly resolved        [Object],
38 silly resolved        [Object],
38 silly resolved        [Object],
38 silly resolved        [Object],
38 silly resolved        [Object] ],
38 silly resolved     bugs: { url: 'https://github.com/bevry/docpad/issues' },
38 silly resolved     repository: { type: 'git', url: 'http://github.com/bevry/docpad.git' },
38 silly resolved     engines: { node: '>=0.8', npm: '>=1.2' },
38 silly resolved     dependencies:
38 silly resolved      { 'bal-util': '~2.0.4',
38 silly resolved        typechecker: '~2.0.1',
38 silly resolved        ambi: '~2.0.0',
38 silly resolved        extendr: '~2.0.1',
38 silly resolved        eachr: '~2.0.2',
38 silly resolved        safefs: '~3.0.1',
38 silly resolved        taskgroup: '~3.1.2',
38 silly resolved        caterpillar: '~1.1.4',
38 silly resolved        commander: '~1.1.1',
38 silly resolved        cson: '~1.4.1',
38 silly resolved        express: '~3.1.0',
38 silly resolved        jschardet: '~1.0.2',
38 silly resolved        mime: '~1.2.9',
38 silly resolved        'query-engine': '~1.5.2',
38 silly resolved        semver: '~1.1.4',
38 silly resolved        lodash: '~1.1.1',
38 silly resolved        backbone: '1.0.0',
38 silly resolved        watchr: '~2.4.1',
38 silly resolved        yamljs: '~0.1.4',
38 silly resolved        getmac: '~1.0.4',
38 silly resolved        canihaz: '~1.0.0',
38 silly resolved        airbrake: '~0.2.9',
38 silly resolved        growl: '~1.7.0',
38 silly resolved        mixpanel: '0.0.10' },
38 silly resolved     optionalDependencies: { airbrake: '~0.2.9', growl: '~1.7.0', mixpanel: '0.0.10' },
38 silly resolved     lazyDependencies: { iconv: '~2.0.4' },
38 silly resolved     devDependencies:
38 silly resolved      { 'coffee-script': '~1.6.2',
38 silly resolved        chai: '~1.5.0',
38 silly resolved        joe: '~1.2.0',
38 silly resolved        'joe-reporter-console': '~1.2.1',
38 silly resolved        request: '~2.16.6' },
38 silly resolved     directories: { lib: './out/lib' },
38 silly resolved     bin:
38 silly resolved      { docpad: './bin/docpad',
38 silly resolved        'docpad-compile': './bin/docpad-compile',
38 silly resolved        'docpad-debug': './bin/docpad-debug',
38 silly resolved        'docpad-server': './bin/docpad-server' },
38 silly resolved     scripts: { test: './node_modules/.bin/cake test' },
38 silly resolved     main: './out/main.js',
38 silly resolved     readme: '[![DocPad Logo](http://d.pr/i/cfmt+)](http://docpad.org "Visit the DocPad Website")\n\n# DocPad. Streamlined web development.\n\n[![Build Status](https://secure.travis-ci.org/bevry/docpad.png?branch=master)](http://travis-ci.org/bevry/docpad)\n[![NPM version](https://badge.fury.io/js/docpad.png)](https://npmjs.org/package/docpad)\n[![Flattr this project](https://raw.github.com/balupton/flattr-buttons/master/badge-89x18.gif)](http://flattr.com/thing/344188/balupton-on-Flattr)\n\nHi! I\'m DocPad, I streamline the web development process and help close the gap between experts and beginners. I\'ve been used in production by big and small companies for over a year and a half now to create [plenty of amazing and powerful web sites and applications](http://docpad.org/docs/showcase) quicker than ever before. What makes me different is instead of being a box to cram yourself into and hold you back, I\'m a freeway to what you want to accomplish, just getting out of your way and allowing you to create stuff quicker than ever before without limits. Leave the redudant stuff up to me, so you can focus on the awesome stuff.\n\nDiscover my features below, or skip ahead to the installation instructions to get started with a [fully functional pre-made website](http://docpad.org/docs/skeletons) in a few minutes from reading this.\n\n**[Watch the Screencast!](http://www.youtube.com/watch?v=hvQCXDWh7Wg&feature=share&list=PLYVl5EnzwqsQs0tBLO6ug6WbqAbrpVbNf)**\n\n\n## Features\n\n### Out of the box\n\n- Competely file based meaning there is no pesky databases that need to be installed, and for version control you get to use systems like Git and SVN which you\'re already use to (You can still hook in remote data sources if you want, DocPad doesn\'t impose any limits on you, ever)\n- Choose from plenty of community maintained [pre-made websites](http://docpad.org/docs/skeletons) to use for your next project instead of starting from scratch everytime\n- Write your documents in any language, markup, templating engine, or pre-processor you wish (we\'re truly agnostic thanks to your plugin system). You can even mix and match them when needed by combining their extensions in a rails like fashion (e.g. `coffee-with-some-eco.js.coffee.eco`)\n- Changes to your website are automatically recompiled through our built in watch system\n- Add meta data to the top of your files to be used by templating engines to display non-standard information such as titles and descriptions for your documents\n- Display custom listings of content with our powerful [Query Engine](https://github.com/bevry/query-engine/) available to your templating engines\n- Abstract out generic headers and footers into layouts using our nested layout system\n- For simple static websites easily deploy your generated website to any web server like apache or github pages. For dynamic projects deploy them to servers like [heroku](http://www.heroku.com/) or [nodejitsu](http://nodejitsu.com/) to take advantage of custom routing with [express.js](http://expressjs.com/). [Deploy guide here](http://docpad.org/docs/deploy)\n- Built-in server to save you from having to startup your own, for dynamic deployments this even supports things like clean urls, custom routes and server-side logic\n- Robust architecture and powerful plugin system means that you are never boxed in unlike traditional CMS systems, instead you can always [extend DocPad](http://docpad.org/docs/extend) to do whatever you need it to do, and you can even write to bundle common custom functionality and distribute them through the amazing node package manager [npm](http://npmjs.org/)\n- Built in support for dynamic documents (e.g. search pages, signup forms, etc.), so you can code pages that change on each request by just adding `dynamic: true` to your document\'s meta data (exposes the [express.js](http://expressjs.com/) `req` and `res` objects to your templating engine)\n- You can use it standalone, or even easily include it within your existing systems with our [API](http://docpad.org/docs/api)\n\n\n### With our amazing community maintained plugins\n\n- Use the [Live Reload](http://docpad.org/plugin/livereload/) plugin to automatically refresh your web browser whenever a change is made, this is amazing\n- Pull in remote RSS/Atom/JSON feeds into your templating engines allowing you to display your latest twitter updates or github projects easily and effortlessly using the [Feedr Plugin](http://docpad.org/plugin/feedr/)\n- Support for every templating engine and pre-processor under the sun, including  but not limited to CoffeeScript, CoffeeKup, ECO, HAML, Handlebars, Jade, Less, Markdown, PHP, Ruby, SASS and Stylus - [the full listing is here](http://docpad.org/docs/plugins)\n- Use the [Partials Plugin](http://docpad.org/plugin/partials) to abstract common pieces of code into their own individual file that can be included as much as you want\n- Syntax highlight code blocks automatically with either our [Highlight.js Plugin](http://docpad.org/plugin/highlightjs/) or [Pygments Plugin](http://docpad.org/plugin/pygments/)\n- Get SEO friendly clean URLs with our [Clean URLs Plugin](http://docpad.org/plugin/cleanurls/) (dynamic deployments only)\n- Lint your code automatically with our Lint Plugin - under construction, coming soon\n- Concatenate and minify your JavaScript and CSS assets making page loads faster for your users with our Minify Plugin - under construction, coming soon\n- Install common javascript libraries like jQuery, Backbone and Underscore directly from the command line - under construction, coming soon\n- Automatically translate your entire website into other languages with our Translation Plugin - under construction, coming soon\n- Add a admin interface to your website allowing you to edit, save and preview your changes on live websites then push them back to your source repository with the Admin Plugin - under construction, coming soon\n- Pretty much if DocPad doesn\'t already do something, it is trivial to [write a plugin](http://docpad.org/docs/extend) to do it, seriously DocPad can accomplish anything, it never holds you back, there are no limits, it\'s like super powered guardian angel\n- There are also [plenty of other plugins](http://docpad.org/docs/plugins) not listed here that are still definitely worth checking out! :)\n\n\n## People love DocPad\n\nAll sorts of people love DocPad, from first time web developers to even industry leaders and experts. In fact, people even migrate to DocPad from other systems as they love it so much. Here are some our [favourite tweets](https://twitter.com/#!/DocPad/favorites) of what people are saying about DocPad :)\n\n[![Some favourite tweets about DocPad](https://raw.github.com/bevry/docpad/dev/docs/favs.gif)](https://twitter.com/#!/DocPad/favorites)\n\n\n\n\n## [Installation](http://docpad.org/docs/install)\n\n[Click here for our latest Install Instructions](http://docpad.org/docs/install)\n\n\n## [Quick Start](http://docpad.org/docs/start)\n\n[Click here to skip ahead to our latest Quick Start Guide](http://docpad.org/docs/start)\n\n\n## What next?\n\nHere are some quick links to help you get started:\n\n- [Getting Started](http://docpad.org/docs/intro)\n- [Frequently Asked Questions](http://docpad.org/docs/faq)\n- [Showcase and Examples](http://docpad.org/docs/showcase)\n- [Guides and Tutorials](http://docpad.org/docs/)\n- [Deployment Guide](http://docpad.org/docs/deploy)\n- [Extension Guide](http://docpad.org/docs/extend)\n- [Plugins](http://docpad.org/docs/plugins)\n- [Skeletons](http://docpad.org/docs/skeletons)\n- [Troubleshooting](http://docpad.org/docs/troubleshoot)\n- [Support Channels](http://docpad.org/support)\n- [Bug Tracker](http://docpad.org/issues)\n- [IRC Chat Room: `#docpad` on freenode](http://webchat.freenode.net?channels=docpad)\n- [Everything else](http://docpad.org/docs/)\n\n\n## History\n\nYou can discover the version history inside the [History.md](https://github.com/bevry/docpad/blob/master/History.md#files) file\n\n\n\n## License\n\nLicensed under the incredibly [permissive](http://en.wikipedia.org/wiki/Permissive_free_software_licence) [MIT License](http://creativecommons.org/licenses/MIT/)\n<br/>Copyright &copy; 2012+ [Bevry Pty Ltd](http://bevry.me)\n<br/>Copyright &copy; 2011 [Benjamin Lupton](http://balupton.com)\n\n\n\n## Special Thanks\n\nSpecial thanks to all our wonderful contributors who have helped shaped the DocPad core of today:\n\n- [Benjamin Lupton](https://github.com/balupton)\n- [Nick Crohn](https://github.com/ncrohn)\n- [eldios](https://github.com/eldios)\n- [Changwoo Park](https://github.com/pismute)\n- [Bruno Héridet](https://github.com/Delapouite)\n- [Todd Anglin](https://github.com/toddanglin)\n- [Olivier Bazoud](https://github.com/obazoud)\n- [Zhao Lei](https://github.com/firede)\n- [Aaron Powell](https://github.com/aaronpowell)\n- [Andrew Patton](https://github.com/acusti)\n- [Paul Armstrong](https://github.com/paularmstrong)\n- [Sorin Ionescu](https://github.com/sorin-ionescu)\n- [Ferrari Lee](https://github.com/Ferrari)\n- [Ben Barber](https://github.com/barberboy)\n- [Sven Vetsch](https://github.com/disenchant)\n\nAlso thanks to all the countless others who have continued to raise DocPad even higher by submitting plugins, issues reports, discussion topics, IRC chat messages, and praise on twitter. We love you.\n\nLastly, thank YOU for giving us a go, believing us, and loving us. We love you too.\n\nSincerely, the DocPad team\n\n[![Flattr this project](http://api.flattr.com/button/flattr-badge-large.png)](http://flattr.com/thing/344188/balupton-on-Flattr)\n',
38 silly resolved     readmeFilename: 'README.md',
38 silly resolved     _id: 'docpad@6.30.3',
38 silly resolved     _from: 'docpad@' } ]
39 info install docpad@6.30.3 into /usr/local/lib
40 info installOne docpad@6.30.3
41 verbose from cache /home/jack/.npm/docpad/6.30.3/package/package.json
42 info /usr/local/lib/node_modules/docpad unbuild
43 verbose read json /usr/local/lib/node_modules/docpad/package.json
44 info preuninstall docpad@6.30.3
45 info uninstall docpad@6.30.3
46 verbose true,/usr/local/lib/node_modules,/usr/local/lib/node_modules unbuild docpad@6.30.3
47 verbose /usr/local/bin,[object Object] binRoot
48 info postuninstall docpad@6.30.3
49 info /usr/local/lib/node_modules/docpad unbuild
50 verbose read json /usr/local/lib/node_modules/docpad/package.json
51 info preuninstall docpad@6.30.3
52 info uninstall docpad@6.30.3
53 verbose true,/usr/local/lib/node_modules,/usr/local/lib/node_modules unbuild docpad@6.30.3
54 verbose /usr/local/bin,[object Object] binRoot
55 info postuninstall docpad@6.30.3
56 error error rolling back Error: EACCES, unlink '/usr/local/lib/node_modules/docpad/.npmignore'
56 error error rolling back  docpad@6.30.3 { [Error: EACCES, unlink '/usr/local/lib/node_modules/docpad/.npmignore']
56 error error rolling back   errno: 3,
56 error error rolling back   code: 'EACCES',
56 error error rolling back   path: '/usr/local/lib/node_modules/docpad/.npmignore' }
57 error Error: EACCES, unlink '/usr/local/lib/node_modules/docpad/.npmignore'
57 error  { [Error: EACCES, unlink '/usr/local/lib/node_modules/docpad/.npmignore']
57 error   errno: 3,
57 error   code: 'EACCES',
57 error   path: '/usr/local/lib/node_modules/docpad/.npmignore' }
58 error Please try running this command again as root/Administrator.
59 error System Linux 3.5.0-25-lowlatency
60 error command "/usr/local/bin/node" "/usr/local/bin/npm" "install" "-g" "docpad"
61 error cwd /home/jack/Copy/sites/josequesada.docpad
62 error node -v v0.10.1
63 error npm -v 1.2.15
64 error path /usr/local/lib/node_modules/docpad/.npmignore
65 error code EACCES
66 error errno 3
67 error stack Error: EACCES, unlink '/usr/local/lib/node_modules/docpad/.npmignore'
68 verbose exit [ 3, true ]
